12 12
1.0
1.0
1.0
1.0
1.0
1.0
1.0
1.0
1.0
1.0
1.0
1.0
1 Block0106_2020_06_29.npy (1024, 768, 3)
2 Block0106_2020_07_01.npy (1024, 768, 3)
3 Block0106_2020_07_02.npy (1024, 768, 3)
4 Block0106_2020_07_06.npy (1024, 768, 3)
5 Block0106_2020_07_07.npy (1024, 768, 3)
6 Block0106_2020_07_08.npy (1024, 768, 3)
7 Block0106_2020_07_14.npy (1024, 768, 3)
8 Block0106_2020_07_16.npy (1024, 768, 3)
9 Block0106_2020_07_17.npy (1024, 768, 3)
10 Block0106_2020_07_20.npy (1024, 768, 3)
11 Block0106_2020_07_22.npy (1024, 768, 3)
12 Block0106_2020_07_23.npy (1024, 768, 3)
13 Block0106_2020_08_03.npy (768, 1024, 3)
14 Block0106_2020_08_04.npy (768, 1024, 3)
15 Block0106_2020_08_06.npy (768, 1024, 3)
16 Block0106_2020_08_07.npy (768, 1024, 3)
17 Block0106_2020_08_11.npy (768, 1024, 3)
18 Block0106_2020_08_12.npy (768, 1024, 3)
19 Block0106_2020_08_14.npy (768, 1024, 3)
20 Block0106_2020_08_15.npy (768, 1024, 3)
21 Block0106_2020_08_17.npy (768, 1024, 3)
22 Block0106_2020_08_18.npy (768, 1024, 3)
23 Block0106_2020_08_19.npy (768, 1024, 3)
24 Block0106_2020_08_21.npy (768, 1024, 3)
25 Block0106_2020_08_25.npy (768, 1024, 3)
26 Block0106_2020_08_26.npy (768, 1024, 3)
27 Block0106_2020_08_27.npy (768, 1024, 3)
28 Block0106_2020_08_28.npy (768, 1024, 3)
29 Block0106_2020_08_31.npy (768, 1024, 3)
30 Block0106_2020_09_02.npy (768, 1024, 3)
31 Block0106_2020_09_07.npy (768, 1024, 3)
32 Block0106_2020_09_16.npy (768, 1024, 3)
Uncalibrated results
0.38578043842608556
0.0
mae uncalibrated:  13.541375809551699
rmse uncalibrated:  17.003823359506036
pearson uncalibrated:  0.798465455344828
R2 uncalibrated:  0.2849884343611463
Calibrated results
[2.1259022]
0.09375
mae calibrated:  10.77376847743988
rmse calibrated:  14.87988694067589
corr calibrated:  0.8048730029201787
r2 calibrated:  0.4524558288427438
