12 12
1.0
1.0
1.0
1.0
1.0
1.0
1.0
1.0
1.0
1.0
1.0
1.0
1 Block0206_2020_06_29.npy (1024, 768, 3)
2 Block0206_2020_07_01.npy (1024, 768, 3)
3 Block0206_2020_07_02.npy (1024, 768, 3)
4 Block0206_2020_07_06.npy (1024, 768, 3)
5 Block0206_2020_07_07.npy (1024, 768, 3)
6 Block0206_2020_07_08.npy (1024, 768, 3)
7 Block0206_2020_07_14.npy (1024, 768, 3)
8 Block0206_2020_07_16.npy (1024, 768, 3)
9 Block0206_2020_07_17.npy (1024, 768, 3)
10 Block0206_2020_07_20.npy (1024, 768, 3)
11 Block0206_2020_07_22.npy (1024, 768, 3)
12 Block0206_2020_07_23.npy (1024, 768, 3)
13 Block0206_2020_08_03.npy (768, 1024, 3)
14 Block0206_2020_08_04.npy (768, 1024, 3)
15 Block0206_2020_08_06.npy (768, 1024, 3)
16 Block0206_2020_08_07.npy (768, 1024, 3)
17 Block0206_2020_08_11.npy (768, 1024, 3)
18 Block0206_2020_08_12.npy (768, 1024, 3)
19 Block0206_2020_08_14.npy (768, 1024, 3)
20 Block0206_2020_08_15.npy (768, 1024, 3)
21 Block0206_2020_08_17.npy (768, 1024, 3)
22 Block0206_2020_08_18.npy (768, 1024, 3)
23 Block0206_2020_08_19.npy (768, 1024, 3)
24 Block0206_2020_08_21.npy (768, 1024, 3)
25 Block0206_2020_08_25.npy (768, 1024, 3)
26 Block0206_2020_08_26.npy (768, 1024, 3)
27 Block0206_2020_08_27.npy (768, 1024, 3)
28 Block0206_2020_08_28.npy (768, 1024, 3)
29 Block0206_2020_08_31.npy (768, 1024, 3)
30 Block0206_2020_09_02.npy (768, 1024, 3)
31 Block0206_2020_09_07.npy (768, 1024, 3)
32 Block0206_2020_09_16.npy (768, 1024, 3)
Uncalibrated results
0.437773281399516
0.0
mae uncalibrated:  12.692832098992554
rmse uncalibrated:  15.180507866140942
pearson uncalibrated:  0.7692162879286764
R2 uncalibrated:  0.3115481749067377
Calibrated results
[2.4224892]
0.03125
mae calibrated:  10.66336550951004
rmse calibrated:  12.899448048057764
corr calibrated:  0.7814319665315747
r2 calibrated:  0.5029006345908147
