12 12
1.0
1.0
1.0
1.0
1.0
1.0
1.0
1.0
1.0
1.0
1.0
1.0
1 Block0302_2020_06_29.npy (1024, 768, 3)
2 Block0302_2020_07_01.npy (1024, 768, 3)
3 Block0302_2020_07_02.npy (1024, 768, 3)
4 Block0302_2020_07_06.npy (1024, 768, 3)
5 Block0302_2020_07_07.npy (1024, 768, 3)
6 Block0302_2020_07_08.npy (1024, 768, 3)
7 Block0302_2020_07_14.npy (1024, 768, 3)
8 Block0302_2020_07_16.npy (1024, 768, 3)
9 Block0302_2020_07_17.npy (1024, 768, 3)
10 Block0302_2020_07_20.npy (1024, 768, 3)
11 Block0302_2020_07_22.npy (1024, 768, 3)
12 Block0302_2020_07_23.npy (1024, 768, 3)
13 Block0302_2020_08_03.npy (768, 1024, 3)
14 Block0302_2020_08_04.npy (768, 1024, 3)
15 Block0302_2020_08_06.npy (768, 1024, 3)
16 Block0302_2020_08_07.npy (768, 1024, 3)
17 Block0302_2020_08_11.npy (768, 1024, 3)
18 Block0302_2020_08_12.npy (768, 1024, 3)
19 Block0302_2020_08_14.npy (768, 1024, 3)
20 Block0302_2020_08_15.npy (768, 1024, 3)
21 Block0302_2020_08_17.npy (768, 1024, 3)
22 Block0302_2020_08_18.npy (768, 1024, 3)
23 Block0302_2020_08_19.npy (768, 1024, 3)
24 Block0302_2020_08_21.npy (768, 1024, 3)
25 Block0302_2020_08_25.npy (768, 1024, 3)
26 Block0302_2020_08_26.npy (768, 1024, 3)
27 Block0302_2020_08_27.npy (768, 1024, 3)
28 Block0302_2020_08_28.npy (768, 1024, 3)
29 Block0302_2020_08_31.npy (768, 1024, 3)
30 Block0302_2020_09_02.npy (768, 1024, 3)
31 Block0302_2020_09_07.npy (768, 1024, 3)
32 Block0302_2020_09_16.npy (768, 1024, 3)
Uncalibrated results
0.41745377921098
0.0
mae uncalibrated:  17.891975546233276
rmse uncalibrated:  20.710416806987666
pearson uncalibrated:  0.8114597359795359
R2 uncalibrated:  0.26285844248615886
Calibrated results
[2.5751536]
0.0
mae calibrated:  15.670820333957671
rmse calibrated:  18.800934669501864
corr calibrated:  0.781437820295478
r2 calibrated:  0.39251984117508476
