12 12
1.0
1.0
1.0
1.0
1.0
1.0
1.0
1.0
1.0
1.0
1.0
1.0
1 Block0305_2020_06_29.npy (1024, 768, 3)
2 Block0305_2020_07_01.npy (1024, 768, 3)
3 Block0305_2020_07_02.npy (1024, 768, 3)
4 Block0305_2020_07_06.npy (1024, 768, 3)
5 Block0305_2020_07_07.npy (1024, 768, 3)
6 Block0305_2020_07_08.npy (1024, 768, 3)
7 Block0305_2020_07_14.npy (1024, 768, 3)
8 Block0305_2020_07_16.npy (1024, 768, 3)
9 Block0305_2020_07_17.npy (1024, 768, 3)
10 Block0305_2020_07_20.npy (1024, 768, 3)
11 Block0305_2020_07_22.npy (1024, 768, 3)
12 Block0305_2020_07_23.npy (1024, 768, 3)
13 Block0305_2020_08_03.npy (768, 1024, 3)
14 Block0305_2020_08_04.npy (768, 1024, 3)
15 Block0305_2020_08_06.npy (768, 1024, 3)
16 Block0305_2020_08_07.npy (768, 1024, 3)
17 Block0305_2020_08_11.npy (768, 1024, 3)
18 Block0305_2020_08_12.npy (768, 1024, 3)
19 Block0305_2020_08_14.npy (768, 1024, 3)
20 Block0305_2020_08_15.npy (768, 1024, 3)
21 Block0305_2020_08_17.npy (768, 1024, 3)
22 Block0305_2020_08_18.npy (768, 1024, 3)
23 Block0305_2020_08_19.npy (768, 1024, 3)
24 Block0305_2020_08_21.npy (768, 1024, 3)
25 Block0305_2020_08_25.npy (768, 1024, 3)
26 Block0305_2020_08_26.npy (768, 1024, 3)
27 Block0305_2020_08_27.npy (768, 1024, 3)
28 Block0305_2020_08_28.npy (768, 1024, 3)
29 Block0305_2020_08_31.npy (768, 1024, 3)
30 Block0305_2020_09_02.npy (768, 1024, 3)
31 Block0305_2020_09_07.npy (768, 1024, 3)
32 Block0305_2020_09_16.npy (768, 1024, 3)
Uncalibrated results
0.4037519531004601
0.0
mae uncalibrated:  11.495553114357147
rmse uncalibrated:  14.19520206536882
pearson uncalibrated:  0.8848172825519633
R2 uncalibrated:  0.5530354319276616
Calibrated results
[1.9003098]
0.09375
mae calibrated:  8.332256355285645
rmse calibrated:  11.249002629073686
corr calibrated:  0.9170629509179689
r2 calibrated:  0.7193157941187087
