12 12
1.0
1.0
1.0
1.0
1.0
1.0
1.0
1.0
1.0
1.0
1.0
1.0
1 Block0103_2020_06_29.npy (1024, 768, 3)
2 Block0103_2020_07_01.npy (1024, 768, 3)
3 Block0103_2020_07_02.npy (1024, 768, 3)
4 Block0103_2020_07_06.npy (1024, 768, 3)
5 Block0103_2020_07_07.npy (1024, 768, 3)
6 Block0103_2020_07_08.npy (1024, 768, 3)
7 Block0103_2020_07_14.npy (1024, 768, 3)
8 Block0103_2020_07_16.npy (1024, 768, 3)
9 Block0103_2020_07_17.npy (1024, 768, 3)
10 Block0103_2020_07_20.npy (1024, 768, 3)
11 Block0103_2020_07_22.npy (1024, 768, 3)
12 Block0103_2020_07_23.npy (1024, 768, 3)
13 Block0103_2020_08_03.npy (768, 1024, 3)
14 Block0103_2020_08_04.npy (768, 1024, 3)
15 Block0103_2020_08_06.npy (768, 1024, 3)
16 Block0103_2020_08_07.npy (768, 1024, 3)
17 Block0103_2020_08_11.npy (768, 1024, 3)
18 Block0103_2020_08_12.npy (768, 1024, 3)
19 Block0103_2020_08_14.npy (768, 1024, 3)
20 Block0103_2020_08_15.npy (768, 1024, 3)
21 Block0103_2020_08_17.npy (768, 1024, 3)
22 Block0103_2020_08_18.npy (768, 1024, 3)
23 Block0103_2020_08_19.npy (768, 1024, 3)
24 Block0103_2020_08_21.npy (768, 1024, 3)
25 Block0103_2020_08_25.npy (768, 1024, 3)
26 Block0103_2020_08_26.npy (768, 1024, 3)
27 Block0103_2020_08_27.npy (768, 1024, 3)
28 Block0103_2020_08_28.npy (768, 1024, 3)
29 Block0103_2020_08_31.npy (768, 1024, 3)
30 Block0103_2020_09_02.npy (768, 1024, 3)
31 Block0103_2020_09_07.npy (768, 1024, 3)
32 Block0103_2020_09_16.npy (768, 1024, 3)
Uncalibrated results
0.4379168305273679
0.0
mae uncalibrated:  10.21022427394156
rmse uncalibrated:  11.764388583215611
pearson uncalibrated:  0.8550354597051075
R2 uncalibrated:  0.623639104348366
Calibrated results
[1.9593759]
0.0625
mae calibrated:  7.304689831733704
rmse calibrated:  8.69456927565003
corr calibrated:  0.9060111361898321
r2 calibrated:  0.7944289682217566
