12 12
1.0
1.0
1.0
1.0
1.0
1.0
1.0
1.0
1.0
1.0
1.0
1.0
1 Block0201_2020_06_29.npy (1024, 768, 3)
2 Block0201_2020_07_01.npy (1024, 768, 3)
3 Block0201_2020_07_02.npy (1024, 768, 3)
4 Block0201_2020_07_06.npy (1024, 768, 3)
5 Block0201_2020_07_07.npy (1024, 768, 3)
6 Block0201_2020_07_08.npy (1024, 768, 3)
7 Block0201_2020_07_14.npy (1024, 768, 3)
8 Block0201_2020_07_16.npy (1024, 768, 3)
9 Block0201_2020_07_17.npy (1024, 768, 3)
10 Block0201_2020_07_20.npy (1024, 768, 3)
11 Block0201_2020_07_22.npy (1024, 768, 3)
12 Block0201_2020_07_23.npy (1024, 768, 3)
13 Block0201_2020_08_03.npy (768, 1024, 3)
14 Block0201_2020_08_04.npy (768, 1024, 3)
15 Block0201_2020_08_06.npy (768, 1024, 3)
16 Block0201_2020_08_07.npy (768, 1024, 3)
17 Block0201_2020_08_11.npy (768, 1024, 3)
18 Block0201_2020_08_12.npy (768, 1024, 3)
19 Block0201_2020_08_14.npy (768, 1024, 3)
20 Block0201_2020_08_15.npy (768, 1024, 3)
21 Block0201_2020_08_17.npy (768, 1024, 3)
22 Block0201_2020_08_18.npy (768, 1024, 3)
23 Block0201_2020_08_19.npy (768, 1024, 3)
24 Block0201_2020_08_21.npy (768, 1024, 3)
25 Block0201_2020_08_25.npy (768, 1024, 3)
26 Block0201_2020_08_26.npy (768, 1024, 3)
27 Block0201_2020_08_27.npy (768, 1024, 3)
28 Block0201_2020_08_28.npy (768, 1024, 3)
29 Block0201_2020_08_31.npy (768, 1024, 3)
30 Block0201_2020_09_02.npy (768, 1024, 3)
31 Block0201_2020_09_07.npy (768, 1024, 3)
32 Block0201_2020_09_16.npy (768, 1024, 3)
Uncalibrated results
0.3748241822480227
0.0
mae uncalibrated:  14.769221177704507
rmse uncalibrated:  17.0236839566259
pearson uncalibrated:  0.8677200253282684
R2 uncalibrated:  0.47864930882827605
Calibrated results
[1.8895028]
0.0
mae calibrated:  12.813620262145996
rmse calibrated:  14.912783885335044
corr calibrated:  0.8795405068315849
r2 calibrated:  0.5999260207587883
